Start testing: Aug 26 18:34 IST
----------------------------------------------------------
1/19 Testing: the contexts and carrier prefixes hold the sizes the protocol document names
1/19 Test: the contexts and carrier prefixes hold the sizes the protocol document names
Command: "/Users/louisgrennell/Exchange/build-sanitize/schema/schema-round-trip" "the contexts and carrier prefixes hold the sizes the protocol document names"
Directory: /Users/louisgrennell/Exchange/build-sanitize/schema
"the contexts and carrier prefixes hold the sizes the protocol document names" start time: Aug 26 18:34 IST
Output:
----------------------------------------------------------
Filters: "the contexts and carrier prefixes hold the sizes the protocol document names"
Randomness seeded to: 112159758
===============================================================================
All tests passed (4 assertions in 1 test case)

<end of output>
Test time =   0.05 sec
----------------------------------------------------------
Test Passed.
"the contexts and carrier prefixes hold the sizes the protocol document names" end time: Aug 26 18:34 IST
"the contexts and carrier prefixes hold the sizes the protocol document names" time elapsed: 00:00:00
----------------------------------------------------------

2/19 Testing: the carrier prefixes round trip
2/19 Test: the carrier prefixes round trip
Command: "/Users/louisgrennell/Exchange/build-sanitize/schema/schema-round-trip" "the carrier prefixes round trip"
Directory: /Users/louisgrennell/Exchange/build-sanitize/schema
"the carrier prefixes round trip" start time: Aug 26 18:34 IST
Output:
----------------------------------------------------------
Filters: "the carrier prefixes round trip"
Randomness seeded to: 2393482410
===============================================================================
All tests passed (5 assertions in 1 test case)

<end of output>
Test time =   0.05 sec
----------------------------------------------------------
Test Passed.
"the carrier prefixes round trip" end time: Aug 26 18:34 IST
"the carrier prefixes round trip" time elapsed: 00:00:00
----------------------------------------------------------

3/19 Testing: the sequencing plane's messages round trip
3/19 Test: the sequencing plane's messages round trip
Command: "/Users/louisgrennell/Exchange/build-sanitize/schema/schema-round-trip" "the sequencing plane's messages round trip"
Directory: /Users/louisgrennell/Exchange/build-sanitize/schema
"the sequencing plane's messages round trip" start time: Aug 26 18:34 IST
Output:
----------------------------------------------------------
Filters: "the sequencing plane's messages round trip"
Randomness seeded to: 2877378678
===============================================================================
All tests passed (14 assertions in 1 test case)

<end of output>
Test time =   0.05 sec
----------------------------------------------------------
Test Passed.
"the sequencing plane's messages round trip" end time: Aug 26 18:34 IST
"the sequencing plane's messages round trip" time elapsed: 00:00:00
----------------------------------------------------------

4/19 Testing: a new order round trips with every field the protocol defines
4/19 Test: a new order round trips with every field the protocol defines
Command: "/Users/louisgrennell/Exchange/build-sanitize/schema/schema-round-trip" "a new order round trips with every field the protocol defines"
Directory: /Users/louisgrennell/Exchange/build-sanitize/schema
"a new order round trips with every field the protocol defines" start time: Aug 26 18:34 IST
Output:
----------------------------------------------------------
Filters: "a new order round trips with every field the protocol defines"
Randomness seeded to: 324351945
===============================================================================
All tests passed (15 assertions in 1 test case)

<end of output>
Test time =   0.05 sec
----------------------------------------------------------
Test Passed.
"a new order round trips with every field the protocol defines" end time: Aug 26 18:34 IST
"a new order round trips with every field the protocol defines" time elapsed: 00:00:00
----------------------------------------------------------

5/19 Testing: an instrument definition round trips
5/19 Test: an instrument definition round trips
Command: "/Users/louisgrennell/Exchange/build-sanitize/schema/schema-round-trip" "an instrument definition round trips"
Directory: /Users/louisgrennell/Exchange/build-sanitize/schema
"an instrument definition round trips" start time: Aug 26 18:34 IST
Output:
----------------------------------------------------------
Filters: "an instrument definition round trips"
Randomness seeded to: 843330278
===============================================================================
All tests passed (8 assertions in 1 test case)

<end of output>
Test time =   0.05 sec
----------------------------------------------------------
Test Passed.
"an instrument definition round trips" end time: Aug 26 18:34 IST
"an instrument definition round trips" time elapsed: 00:00:00
----------------------------------------------------------

6/19 Testing: the amendment commands round trip
6/19 Test: the amendment commands round trip
Command: "/Users/louisgrennell/Exchange/build-sanitize/schema/schema-round-trip" "the amendment commands round trip"
Directory: /Users/louisgrennell/Exchange/build-sanitize/schema
"the amendment commands round trip" start time: Aug 26 18:34 IST
Output:
----------------------------------------------------------
Filters: "the amendment commands round trip"
Randomness seeded to: 3232495925
===============================================================================
All tests passed (6 assertions in 1 test case)

<end of output>
Test time =   0.05 sec
----------------------------------------------------------
Test Passed.
"the amendment commands round trip" end time: Aug 26 18:34 IST
"the amendment commands round trip" time elapsed: 00:00:00
----------------------------------------------------------

7/19 Testing: every event carries its attribution and round trips
7/19 Test: every event carries its attribution and round trips
Command: "/Users/louisgrennell/Exchange/build-sanitize/schema/schema-round-trip" "every event carries its attribution and round trips"
Directory: /Users/louisgrennell/Exchange/build-sanitize/schema
"every event carries its attribution and round trips" start time: Aug 26 18:34 IST
Output:
----------------------------------------------------------
Filters: "every event carries its attribution and round trips"
Randomness seeded to: 3577730722
===============================================================================
All tests passed (17 assertions in 1 test case)

<end of output>
Test time =   0.06 sec
----------------------------------------------------------
Test Passed.
"every event carries its attribution and round trips" end time: Aug 26 18:34 IST
"every event carries its attribution and round trips" time elapsed: 00:00:00
----------------------------------------------------------

8/19 Testing: 64 bit body fields sit on eight byte boundaries behind the header
8/19 Test: 64 bit body fields sit on eight byte boundaries behind the header
Command: "/Users/louisgrennell/Exchange/build-sanitize/schema/schema-round-trip" "64 bit body fields sit on eight byte boundaries behind the header"
Directory: /Users/louisgrennell/Exchange/build-sanitize/schema
"64 bit body fields sit on eight byte boundaries behind the header" start time: Aug 26 18:34 IST
Output:
----------------------------------------------------------
Filters: "64 bit body fields sit on eight byte boundaries behind the header"
Randomness seeded to: 198324838
===============================================================================
All tests passed (7 assertions in 1 test case)

<end of output>
Test time =   0.05 sec
----------------------------------------------------------
Test Passed.
"64 bit body fields sit on eight byte boundaries behind the header" end time: Aug 26 18:34 IST
"64 bit body fields sit on eight byte boundaries behind the header" time elapsed: 00:00:00
----------------------------------------------------------

9/19 Testing: every fixture in the corpus produces exactly its blessed events
9/19 Test: every fixture in the corpus produces exactly its blessed events
Command: "/Users/louisgrennell/Exchange/build-sanitize/components/matcher/matcher-corpus" "every fixture in the corpus produces exactly its blessed events"
Directory: /Users/louisgrennell/Exchange/build-sanitize/components/matcher
"every fixture in the corpus produces exactly its blessed events" start time: Aug 26 18:34 IST
Output:
----------------------------------------------------------
Filters: "every fixture in the corpus produces exactly its blessed events"
Randomness seeded to: 1091026686
===============================================================================
All tests passed (38 assertions in 1 test case)

<end of output>
Test time =   0.98 sec
----------------------------------------------------------
Test Passed.
"every fixture in the corpus produces exactly its blessed events" end time: Aug 26 18:34 IST
"every fixture in the corpus produces exactly its blessed events" time elapsed: 00:00:00
----------------------------------------------------------

10/19 Testing: nothing drifts across generated continuous flow
10/19 Test: nothing drifts across generated continuous flow
Command: "/Users/louisgrennell/Exchange/build-sanitize/components/matcher/matcher-invariants" "nothing drifts across generated continuous flow"
Directory: /Users/louisgrennell/Exchange/build-sanitize/components/matcher
"nothing drifts across generated continuous flow" start time: Aug 26 18:34 IST
Output:
----------------------------------------------------------
Filters: "nothing drifts across generated continuous flow"
Randomness seeded to: 215171059
===============================================================================
All tests passed (3181069 assertions in 1 test case)

<end of output>
Test time =   7.01 sec
----------------------------------------------------------
Test Passed.
"nothing drifts across generated continuous flow" end time: Aug 26 18:34 IST
"nothing drifts across generated continuous flow" time elapsed: 00:00:07
----------------------------------------------------------

11/19 Testing: nothing drifts across generated flow with call phases
11/19 Test: nothing drifts across generated flow with call phases
Command: "/Users/louisgrennell/Exchange/build-sanitize/components/matcher/matcher-invariants" "nothing drifts across generated flow with call phases"
Directory: /Users/louisgrennell/Exchange/build-sanitize/components/matcher
"nothing drifts across generated flow with call phases" start time: Aug 26 18:34 IST
Output:
----------------------------------------------------------
Filters: "nothing drifts across generated flow with call phases"
Randomness seeded to: 1421787389
===============================================================================
All tests passed (1882476 assertions in 1 test case)

<end of output>
Test time =   3.81 sec
----------------------------------------------------------
Test Passed.
"nothing drifts across generated flow with call phases" end time: Aug 26 18:34 IST
"nothing drifts across generated flow with call phases" time elapsed: 00:00:03
----------------------------------------------------------

12/19 Testing: every event carries its attribution and the stream numbers gap free
12/19 Test: every event carries its attribution and the stream numbers gap free
Command: "/Users/louisgrennell/Exchange/build-sanitize/components/matcher/matcher-attribution" "every event carries its attribution and the stream numbers gap free"
Directory: /Users/louisgrennell/Exchange/build-sanitize/components/matcher
"every event carries its attribution and the stream numbers gap free" start time: Aug 26 18:34 IST
Output:
----------------------------------------------------------
Filters: "every event carries its attribution and the stream numbers gap free"
Randomness seeded to: 2115994955
===============================================================================
All tests passed (26 assertions in 1 test case)

<end of output>
Test time =   0.08 sec
----------------------------------------------------------
Test Passed.
"every event carries its attribution and the stream numbers gap free" end time: Aug 26 18:34 IST
"every event carries its attribution and the stream numbers gap free" time elapsed: 00:00:00
----------------------------------------------------------

13/19 Testing: identical input produces byte identical output
13/19 Test: identical input produces byte identical output
Command: "/Users/louisgrennell/Exchange/build-sanitize/components/matcher/matcher-determinism" "identical input produces byte identical output"
Directory: /Users/louisgrennell/Exchange/build-sanitize/components/matcher
"identical input produces byte identical output" start time: Aug 26 18:34 IST
Output:
----------------------------------------------------------
Filters: "identical input produces byte identical output"
Randomness seeded to: 2797136009
===============================================================================
All tests passed (1 assertion in 1 test case)

<end of output>
Test time =   0.15 sec
----------------------------------------------------------
Test Passed.
"identical input produces byte identical output" end time: Aug 26 18:34 IST
"identical input produces byte identical output" time elapsed: 00:00:00
----------------------------------------------------------

14/19 Testing: a snapshot mid-stream restores to a byte identical suffix
14/19 Test: a snapshot mid-stream restores to a byte identical suffix
Command: "/Users/louisgrennell/Exchange/build-sanitize/components/matcher/matcher-determinism" "a snapshot mid-stream restores to a byte identical suffix"
Directory: /Users/louisgrennell/Exchange/build-sanitize/components/matcher
"a snapshot mid-stream restores to a byte identical suffix" start time: Aug 26 18:34 IST
Output:
----------------------------------------------------------
Filters: "a snapshot mid-stream restores to a byte identical suffix"
Randomness seeded to: 1042663842
===============================================================================
All tests passed (2 assertions in 1 test case)

<end of output>
Test time =   0.32 sec
----------------------------------------------------------
Test Passed.
"a snapshot mid-stream restores to a byte identical suffix" end time: Aug 26 18:34 IST
"a snapshot mid-stream restores to a byte identical suffix" time elapsed: 00:00:00
----------------------------------------------------------

15/19 Testing: a journal replays to identical bytes and survives a torn tail
15/19 Test: a journal replays to identical bytes and survives a torn tail
Command: "/Users/louisgrennell/Exchange/build-sanitize/components/matcher/matcher-determinism" "a journal replays to identical bytes and survives a torn tail"
Directory: /Users/louisgrennell/Exchange/build-sanitize/components/matcher
"a journal replays to identical bytes and survives a torn tail" start time: Aug 26 18:34 IST
Output:
----------------------------------------------------------
Filters: "a journal replays to identical bytes and survives a torn tail"
Randomness seeded to: 1631113106
===============================================================================
All tests passed (3 assertions in 1 test case)

<end of output>
Test time =   0.15 sec
----------------------------------------------------------
Test Passed.
"a journal replays to identical bytes and survives a torn tail" end time: Aug 26 18:34 IST
"a journal replays to identical bytes and survives a torn tail" time elapsed: 00:00:00
----------------------------------------------------------

16/19 Testing: the binary is killed at a sequence, restored, and held to the unbroken run
16/19 Test: the binary is killed at a sequence, restored, and held to the unbroken run
Command: "/Users/louisgrennell/Exchange/build-sanitize/components/matcher/matcher-determinism" "the binary is killed at a sequence\, restored\, and held to the unbroken run"
Directory: /Users/louisgrennell/Exchange/build-sanitize/components/matcher
"the binary is killed at a sequence, restored, and held to the unbroken run" start time: Aug 26 18:34 IST
Output:
----------------------------------------------------------
Filters: "the binary is killed at a sequence\, restored\, and held to the unbroken run"
Randomness seeded to: 1562574033
===============================================================================
All tests passed (6 assertions in 1 test case)

<end of output>
Test time =   1.61 sec
----------------------------------------------------------
Test Passed.
"the binary is killed at a sequence, restored, and held to the unbroken run" end time: Aug 26 18:34 IST
"the binary is killed at a sequence, restored, and held to the unbroken run" time elapsed: 00:00:01
----------------------------------------------------------

17/19 Testing: nothing is visible before publish, and a batch appears whole
17/19 Test: nothing is visible before publish, and a batch appears whole
Command: "/Users/louisgrennell/Exchange/build-sanitize/components/matcher/matcher-ring" "nothing is visible before publish\, and a batch appears whole"
Directory: /Users/louisgrennell/Exchange/build-sanitize/components/matcher
"nothing is visible before publish, and a batch appears whole" start time: Aug 26 18:34 IST
Output:
----------------------------------------------------------
Filters: "nothing is visible before publish\, and a batch appears whole"
Randomness seeded to: 3216403110
===============================================================================
All tests passed (2 assertions in 1 test case)

<end of output>
Test time =   0.05 sec
----------------------------------------------------------
Test Passed.
"nothing is visible before publish, and a batch appears whole" end time: Aug 26 18:34 IST
"nothing is visible before publish, and a batch appears whole" time elapsed: 00:00:00
----------------------------------------------------------

18/19 Testing: a small ring wraps invisibly and back pressure never drops a message
18/19 Test: a small ring wraps invisibly and back pressure never drops a message
Command: "/Users/louisgrennell/Exchange/build-sanitize/components/matcher/matcher-ring" "a small ring wraps invisibly and back pressure never drops a message"
Directory: /Users/louisgrennell/Exchange/build-sanitize/components/matcher
"a small ring wraps invisibly and back pressure never drops a message" start time: Aug 26 18:34 IST
Output:
----------------------------------------------------------
Filters: "a small ring wraps invisibly and back pressure never drops a message"
Randomness seeded to: 3145537225
===============================================================================
All tests passed (200000 assertions in 1 test case)

<end of output>
Test time =   0.12 sec
----------------------------------------------------------
Test Passed.
"a small ring wraps invisibly and back pressure never drops a message" end time: Aug 26 18:34 IST
"a small ring wraps invisibly and back pressure never drops a message" time elapsed: 00:00:00
----------------------------------------------------------

19/19 Testing: the matcher never asks the allocator once the session is running
19/19 Test: the matcher never asks the allocator once the session is running
Command: "/Users/louisgrennell/Exchange/build-sanitize/components/matcher/matcher-allocation" "the matcher never asks the allocator once the session is running"
Directory: /Users/louisgrennell/Exchange/build-sanitize/components/matcher
"the matcher never asks the allocator once the session is running" start time: Aug 26 18:34 IST
Output:
----------------------------------------------------------
the steady state asked the allocator 50001 times
Filters: "the matcher never asks the allocator once the session is running"
Randomness seeded to: 1305967951
===============================================================================
All tests passed (2 assertions in 1 test case)

<end of output>
Test time =   1.58 sec
----------------------------------------------------------
Test Passed.
"the matcher never asks the allocator once the session is running" end time: Aug 26 18:34 IST
"the matcher never asks the allocator once the session is running" time elapsed: 00:00:01
----------------------------------------------------------

End testing: Aug 26 18:34 IST
